<?xml version="1.0" encoding="UTF-8"?>
<!-- Generated by org.testng.reporters.JUnitReportReporter -->
<testsuite hostname="macs-MacBook-Air.local" failures="0" tests="1" name="Test_auto.Test.NewTest" time="0.006" errors="0" timestamp="2025-10-20T20:19:49 ICT" skipped="0">
  <testcase classname="Test_auto.Test.NewTest" name="f" time="0.006"/>
</testsuite> <!-- Test_auto.Test.NewTest -->
